[2023-12-25T15:48:39.520+0000] {taskinstance.py:1957} INFO - Dependencies all met for dep_context=non-requeueable deps ti=<TaskInstance: list_keys.list_keys manual__2023-12-25T15:48:37.792702+00:00 [queued]>
[2023-12-25T15:48:39.529+0000] {taskinstance.py:1957} INFO - Dependencies all met for dep_context=requeueable deps ti=<TaskInstance: list_keys.list_keys manual__2023-12-25T15:48:37.792702+00:00 [queued]>
[2023-12-25T15:48:39.529+0000] {taskinstance.py:2171} INFO - Starting attempt 1 of 1
[2023-12-25T15:48:39.542+0000] {taskinstance.py:2192} INFO - Executing <Task(_PythonDecoratedOperator): list_keys> on 2023-12-25 15:48:37.792702+00:00
[2023-12-25T15:48:39.549+0000] {standard_task_runner.py:60} INFO - Started process 160 to run task
[2023-12-25T15:48:39.553+0000] {standard_task_runner.py:87} INFO - Running: ['***', 'tasks', 'run', 'list_keys', 'list_keys', 'manual__2023-12-25T15:48:37.792702+00:00', '--job-id', '12', '--raw', '--subdir', 'DAGS_FOLDER/connections_hooks.py', '--cfg-path', '/tmp/tmpwsivsjub']
[2023-12-25T15:48:39.554+0000] {standard_task_runner.py:88} INFO - Job 12: Subtask list_keys
[2023-12-25T15:48:39.615+0000] {task_command.py:423} INFO - Running <TaskInstance: list_keys.list_keys manual__2023-12-25T15:48:37.792702+00:00 [running]> on host e7ee6bde4446
[2023-12-25T15:48:39.716+0000] {taskinstance.py:2481} INFO - Exporting env vars: AIRFLOW_CTX_DAG_OWNER='***' AIRFLOW_CTX_DAG_ID='list_keys' AIRFLOW_CTX_TASK_ID='list_keys' AIRFLOW_CTX_EXECUTION_DATE='2023-12-25T15:48:37.792702+00:00' AIRFLOW_CTX_TRY_NUMBER='1' AIRFLOW_CTX_DAG_RUN_ID='manual__2023-12-25T15:48:37.792702+00:00'
[2023-12-25T15:48:39.734+0000] {connections_hooks.py:20} INFO - Listing Keys from gitongabretton/data-pipelines
[2023-12-25T15:48:39.743+0000] {base.py:83} INFO - Using connection ID 'aws_credentials' for task execution.
[2023-12-25T15:48:39.744+0000] {connection_wrapper.py:378} INFO - AWS Connection (conn_id='aws_credentials', conn_type='aws') credentials retrieved from login and password.
[2023-12-25T15:48:40.580+0000] {connections_hooks.py:23} INFO - - s3://gitongabretton/data-pipelines/data-pipeline-dataset-creation.zip
[2023-12-25T15:48:40.581+0000] {connections_hooks.py:23} INFO - - s3://gitongabretton/data-pipelines/divvy/partitioned/2018/1/divvy_trips.csv
[2023-12-25T15:48:40.581+0000] {connections_hooks.py:23} INFO - - s3://gitongabretton/data-pipelines/divvy/partitioned/2018/10/divvy_trips.csv
[2023-12-25T15:48:40.581+0000] {connections_hooks.py:23} INFO - - s3://gitongabretton/data-pipelines/divvy/partitioned/2018/11/divvy_trips.csv
[2023-12-25T15:48:40.582+0000] {connections_hooks.py:23} INFO - - s3://gitongabretton/data-pipelines/divvy/partitioned/2018/12/divvy_trips.csv
[2023-12-25T15:48:40.582+0000] {connections_hooks.py:23} INFO - - s3://gitongabretton/data-pipelines/divvy/partitioned/2018/2/divvy_trips.csv
[2023-12-25T15:48:40.582+0000] {connections_hooks.py:23} INFO - - s3://gitongabretton/data-pipelines/divvy/partitioned/2018/3/divvy_trips.csv
[2023-12-25T15:48:40.582+0000] {connections_hooks.py:23} INFO - - s3://gitongabretton/data-pipelines/divvy/partitioned/2018/4/divvy_trips.csv
[2023-12-25T15:48:40.582+0000] {connections_hooks.py:23} INFO - - s3://gitongabretton/data-pipelines/divvy/partitioned/2018/5/divvy_trips.csv
[2023-12-25T15:48:40.582+0000] {connections_hooks.py:23} INFO - - s3://gitongabretton/data-pipelines/divvy/partitioned/2018/6/divvy_trips.csv
[2023-12-25T15:48:40.583+0000] {connections_hooks.py:23} INFO - - s3://gitongabretton/data-pipelines/divvy/partitioned/2018/7/divvy_trips.csv
[2023-12-25T15:48:40.583+0000] {connections_hooks.py:23} INFO - - s3://gitongabretton/data-pipelines/divvy/partitioned/2018/8/divvy_trips.csv
[2023-12-25T15:48:40.583+0000] {connections_hooks.py:23} INFO - - s3://gitongabretton/data-pipelines/divvy/partitioned/2018/9/divvy_trips.csv
[2023-12-25T15:48:40.584+0000] {connections_hooks.py:23} INFO - - s3://gitongabretton/data-pipelines/divvy/unpartitioned/divvy_stations_2017.csv
[2023-12-25T15:48:40.584+0000] {connections_hooks.py:23} INFO - - s3://gitongabretton/data-pipelines/divvy/unpartitioned/divvy_trips_2018.csv
[2023-12-25T15:48:40.586+0000] {python.py:201} INFO - Done. Returned value was: None
[2023-12-25T15:48:40.609+0000] {taskinstance.py:1138} INFO - Marking task as SUCCESS. dag_id=list_keys, task_id=list_keys, execution_date=20231225T154837, start_date=20231225T154839, end_date=20231225T154840
[2023-12-25T15:48:40.648+0000] {local_task_job_runner.py:234} INFO - Task exited with return code 0
[2023-12-25T15:48:40.681+0000] {taskinstance.py:3281} INFO - 0 downstream tasks scheduled from follow-on schedule check
