[2023-12-26T11:41:10.497+0000] {taskinstance.py:1957} INFO - Dependencies all met for dep_context=non-requeueable deps ti=<TaskInstance: final_project_dag.Stage_songs manual__2023-12-26T11:31:00.224027+00:00 [queued]>
[2023-12-26T11:41:10.509+0000] {taskinstance.py:1957} INFO - Dependencies all met for dep_context=requeueable deps ti=<TaskInstance: final_project_dag.Stage_songs manual__2023-12-26T11:31:00.224027+00:00 [queued]>
[2023-12-26T11:41:10.509+0000] {taskinstance.py:2171} INFO - Starting attempt 3 of 4
[2023-12-26T11:41:10.529+0000] {taskinstance.py:2192} INFO - Executing <Task(StageToRedshiftOperator): Stage_songs> on 2023-12-26 11:31:00.224027+00:00
[2023-12-26T11:41:10.536+0000] {standard_task_runner.py:60} INFO - Started process 17363 to run task
[2023-12-26T11:41:10.546+0000] {standard_task_runner.py:87} INFO - Running: ['***', 'tasks', 'run', 'final_project_dag', 'Stage_songs', 'manual__2023-12-26T11:31:00.224027+00:00', '--job-id', '94', '--raw', '--subdir', 'DAGS_FOLDER/final_project/final_project.py', '--cfg-path', '/tmp/tmp291_9j7z']
[2023-12-26T11:41:10.548+0000] {standard_task_runner.py:88} INFO - Job 94: Subtask Stage_songs
[2023-12-26T11:41:10.628+0000] {task_command.py:423} INFO - Running <TaskInstance: final_project_dag.Stage_songs manual__2023-12-26T11:31:00.224027+00:00 [running]> on host d3aa51350085
[2023-12-26T11:41:10.749+0000] {taskinstance.py:2481} INFO - Exporting env vars: AIRFLOW_CTX_DAG_OWNER='Sparkify' AIRFLOW_CTX_DAG_ID='final_project_dag' AIRFLOW_CTX_TASK_ID='Stage_songs' AIRFLOW_CTX_EXECUTION_DATE='2023-12-26T11:31:00.224027+00:00' AIRFLOW_CTX_TRY_NUMBER='3' AIRFLOW_CTX_DAG_RUN_ID='manual__2023-12-26T11:31:00.224027+00:00'
[2023-12-26T11:41:10.750+0000] {stage_redshift.py:44} INFO - StageToRedshiftOperator not implemented yet
[2023-12-26T11:41:10.768+0000] {base.py:83} INFO - Using connection ID 'aws_credentials' for task execution.
[2023-12-26T11:41:10.769+0000] {connection_wrapper.py:378} INFO - AWS Connection (conn_id='aws_credentials', conn_type='aws') credentials retrieved from login and password.
[2023-12-26T11:41:10.793+0000] {stage_redshift.py:48} INFO - Clearing data from destination Redshift table
[2023-12-26T11:41:10.809+0000] {base.py:83} INFO - Using connection ID 'redshift' for task execution.
[2023-12-26T11:41:11.317+0000] {sql.py:432} INFO - Running statement: DELETE FROM staging_songs, parameters: None
[2023-12-26T12:20:01.674+0000] {sql.py:441} INFO - Rows affected: 0
[2023-12-26T12:20:02.437+0000] {stage_redshift.py:51} INFO - Copying data from S3 to Redshift
[2023-12-26T12:20:02.439+0000] {warnings.py:109} WARNING - /home/***/.local/lib/python3.8/site-packages/***/utils/context.py:207: AirflowContextDeprecationWarning: Accessing 'execution_date' from the template is deprecated and will be removed in a future version. Please use 'data_interval_start' or 'logical_date' instead.
  warnings.warn(_create_deprecation_warning(key, self._deprecation_replacements[key]))

[2023-12-26T12:20:02.439+0000] {warnings.py:109} WARNING - /home/***/.local/lib/python3.8/site-packages/***/utils/context.py:207: AirflowContextDeprecationWarning: Accessing 'next_ds' from the template is deprecated and will be removed in a future version. Please use '{{ data_interval_end | ds }}' instead.
  warnings.warn(_create_deprecation_warning(key, self._deprecation_replacements[key]))

[2023-12-26T12:20:02.440+0000] {warnings.py:109} WARNING - /home/***/.local/lib/python3.8/site-packages/***/utils/context.py:207: AirflowContextDeprecationWarning: Accessing 'next_ds_nodash' from the template is deprecated and will be removed in a future version. Please use '{{ data_interval_end | ds_nodash }}' instead.
  warnings.warn(_create_deprecation_warning(key, self._deprecation_replacements[key]))

[2023-12-26T12:20:02.441+0000] {warnings.py:109} WARNING - /home/***/.local/lib/python3.8/site-packages/***/utils/context.py:207: AirflowContextDeprecationWarning: Accessing 'next_execution_date' from the template is deprecated and will be removed in a future version. Please use 'data_interval_end' instead.
  warnings.warn(_create_deprecation_warning(key, self._deprecation_replacements[key]))

[2023-12-26T12:20:02.441+0000] {warnings.py:109} WARNING - /home/***/.local/lib/python3.8/site-packages/***/utils/context.py:207: AirflowContextDeprecationWarning: Accessing 'prev_ds' from the template is deprecated and will be removed in a future version.
  warnings.warn(_create_deprecation_warning(key, self._deprecation_replacements[key]))

[2023-12-26T12:20:02.441+0000] {warnings.py:109} WARNING - /home/***/.local/lib/python3.8/site-packages/***/utils/context.py:207: AirflowContextDeprecationWarning: Accessing 'prev_ds_nodash' from the template is deprecated and will be removed in a future version.
  warnings.warn(_create_deprecation_warning(key, self._deprecation_replacements[key]))

[2023-12-26T12:20:02.443+0000] {warnings.py:109} WARNING - /home/***/.local/lib/python3.8/site-packages/***/utils/context.py:207: AirflowContextDeprecationWarning: Accessing 'prev_execution_date' from the template is deprecated and will be removed in a future version.
  warnings.warn(_create_deprecation_warning(key, self._deprecation_replacements[key]))

[2023-12-26T12:20:02.444+0000] {warnings.py:109} WARNING - /home/***/.local/lib/python3.8/site-packages/***/utils/context.py:207: AirflowContextDeprecationWarning: Accessing 'prev_execution_date_success' from the template is deprecated and will be removed in a future version. Please use 'prev_data_interval_start_success' instead.
  warnings.warn(_create_deprecation_warning(key, self._deprecation_replacements[key]))

[2023-12-26T12:20:02.445+0000] {warnings.py:109} WARNING - /home/***/.local/lib/python3.8/site-packages/***/utils/context.py:207: AirflowContextDeprecationWarning: Accessing 'tomorrow_ds' from the template is deprecated and will be removed in a future version.
  warnings.warn(_create_deprecation_warning(key, self._deprecation_replacements[key]))

[2023-12-26T12:20:02.445+0000] {warnings.py:109} WARNING - /home/***/.local/lib/python3.8/site-packages/***/utils/context.py:207: AirflowContextDeprecationWarning: Accessing 'tomorrow_ds_nodash' from the template is deprecated and will be removed in a future version.
  warnings.warn(_create_deprecation_warning(key, self._deprecation_replacements[key]))

[2023-12-26T12:20:02.446+0000] {warnings.py:109} WARNING - /home/***/.local/lib/python3.8/site-packages/***/utils/context.py:207: AirflowContextDeprecationWarning: Accessing 'yesterday_ds' from the template is deprecated and will be removed in a future version.
  warnings.warn(_create_deprecation_warning(key, self._deprecation_replacements[key]))

[2023-12-26T12:20:02.447+0000] {warnings.py:109} WARNING - /home/***/.local/lib/python3.8/site-packages/***/utils/context.py:207: AirflowContextDeprecationWarning: Accessing 'yesterday_ds_nodash' from the template is deprecated and will be removed in a future version.
  warnings.warn(_create_deprecation_warning(key, self._deprecation_replacements[key]))

[2023-12-26T12:20:02.464+0000] {base.py:83} INFO - Using connection ID 'redshift' for task execution.
[2023-12-26T12:20:02.519+0000] {sql.py:432} INFO - Running statement: 
        COPY staging_songs
        FROM 's3://gitongabretton/song-data/'
        ACCESS_KEY_ID 'AKIATZS7MBBSL3CADLWH'
        SECRET_ACCESS_KEY '***'
        REGION 'us-east-1'
        JSON 'auto'
    , parameters: None
