[2023-12-26T11:37:33.977+0000] {taskinstance.py:1957} INFO - Dependencies all met for dep_context=non-requeueable deps ti=<TaskInstance: final_project_dag.create_staging_songs_table manual__2023-12-26T11:37:30.671805+00:00 [queued]>
[2023-12-26T11:37:34.020+0000] {taskinstance.py:1957} INFO - Dependencies all met for dep_context=requeueable deps ti=<TaskInstance: final_project_dag.create_staging_songs_table manual__2023-12-26T11:37:30.671805+00:00 [queued]>
[2023-12-26T11:37:34.020+0000] {taskinstance.py:2171} INFO - Starting attempt 1 of 4
[2023-12-26T11:37:34.087+0000] {taskinstance.py:2192} INFO - Executing <Task(PostgresOperator): create_staging_songs_table> on 2023-12-26 11:37:30.671805+00:00
[2023-12-26T11:37:34.100+0000] {standard_task_runner.py:60} INFO - Started process 17297 to run task
[2023-12-26T11:37:34.119+0000] {standard_task_runner.py:87} INFO - Running: ['***', 'tasks', 'run', 'final_project_dag', 'create_staging_songs_table', 'manual__2023-12-26T11:37:30.671805+00:00', '--job-id', '88', '--raw', '--subdir', 'DAGS_FOLDER/final_project/final_project.py', '--cfg-path', '/tmp/tmpkr367k3y']
[2023-12-26T11:37:34.121+0000] {standard_task_runner.py:88} INFO - Job 88: Subtask create_staging_songs_table
[2023-12-26T11:37:34.258+0000] {task_command.py:423} INFO - Running <TaskInstance: final_project_dag.create_staging_songs_table manual__2023-12-26T11:37:30.671805+00:00 [running]> on host d3aa51350085
[2023-12-26T11:37:34.535+0000] {taskinstance.py:2481} INFO - Exporting env vars: AIRFLOW_CTX_DAG_OWNER='Sparkify' AIRFLOW_CTX_DAG_ID='final_project_dag' AIRFLOW_CTX_TASK_ID='create_staging_songs_table' AIRFLOW_CTX_EXECUTION_DATE='2023-12-26T11:37:30.671805+00:00' AIRFLOW_CTX_TRY_NUMBER='1' AIRFLOW_CTX_DAG_RUN_ID='manual__2023-12-26T11:37:30.671805+00:00'
[2023-12-26T11:37:34.536+0000] {sql.py:276} INFO - Executing: CREATE TABLE IF NOT EXISTS public.staging_songs (
	num_songs int4,
	artist_id varchar(256),
	artist_name varchar(256),
	artist_latitude numeric(18,0),
	artist_longitude numeric(18,0),
	artist_location varchar(256),
	song_id varchar(256),
	title varchar(256),
	duration numeric(18,0),
	"year" int4
);
[2023-12-26T11:37:34.563+0000] {base.py:83} INFO - Using connection ID 'redshift' for task execution.
[2023-12-26T11:37:34.821+0000] {base.py:83} INFO - Using connection ID 'redshift' for task execution.
[2023-12-26T11:37:35.971+0000] {sql.py:432} INFO - Running statement: CREATE TABLE IF NOT EXISTS public.staging_songs (
	num_songs int4,
	artist_id varchar(256),
	artist_name varchar(256),
	artist_latitude numeric(18,0),
	artist_longitude numeric(18,0),
	artist_location varchar(256),
	song_id varchar(256),
	title varchar(256),
	duration numeric(18,0),
	"year" int4
);, parameters: None
[2023-12-26T11:37:37.173+0000] {taskinstance.py:1138} INFO - Marking task as SUCCESS. dag_id=final_project_dag, task_id=create_staging_songs_table, execution_date=20231226T113730, start_date=20231226T113733, end_date=20231226T113737
[2023-12-26T11:37:37.252+0000] {local_task_job_runner.py:234} INFO - Task exited with return code 0
[2023-12-26T11:37:37.327+0000] {taskinstance.py:3281} INFO - 0 downstream tasks scheduled from follow-on schedule check
