[2023-12-26T11:37:34.092+0000] {taskinstance.py:1957} INFO - Dependencies all met for dep_context=non-requeueable deps ti=<TaskInstance: final_project_dag.create_time_table manual__2023-12-26T11:37:30.671805+00:00 [queued]>
[2023-12-26T11:37:34.149+0000] {taskinstance.py:1957} INFO - Dependencies all met for dep_context=requeueable deps ti=<TaskInstance: final_project_dag.create_time_table manual__2023-12-26T11:37:30.671805+00:00 [queued]>
[2023-12-26T11:37:34.149+0000] {taskinstance.py:2171} INFO - Starting attempt 1 of 4
[2023-12-26T11:37:34.241+0000] {taskinstance.py:2192} INFO - Executing <Task(PostgresOperator): create_time_table> on 2023-12-26 11:37:30.671805+00:00
[2023-12-26T11:37:34.274+0000] {standard_task_runner.py:60} INFO - Started process 17298 to run task
[2023-12-26T11:37:34.297+0000] {standard_task_runner.py:87} INFO - Running: ['***', 'tasks', 'run', 'final_project_dag', 'create_time_table', 'manual__2023-12-26T11:37:30.671805+00:00', '--job-id', '89', '--raw', '--subdir', 'DAGS_FOLDER/final_project/final_project.py', '--cfg-path', '/tmp/tmpqljh9oep']
[2023-12-26T11:37:34.299+0000] {standard_task_runner.py:88} INFO - Job 89: Subtask create_time_table
[2023-12-26T11:37:34.456+0000] {task_command.py:423} INFO - Running <TaskInstance: final_project_dag.create_time_table manual__2023-12-26T11:37:30.671805+00:00 [running]> on host d3aa51350085
[2023-12-26T11:37:34.790+0000] {taskinstance.py:2481} INFO - Exporting env vars: AIRFLOW_CTX_DAG_OWNER='Sparkify' AIRFLOW_CTX_DAG_ID='final_project_dag' AIRFLOW_CTX_TASK_ID='create_time_table' AIRFLOW_CTX_EXECUTION_DATE='2023-12-26T11:37:30.671805+00:00' AIRFLOW_CTX_TRY_NUMBER='1' AIRFLOW_CTX_DAG_RUN_ID='manual__2023-12-26T11:37:30.671805+00:00'
[2023-12-26T11:37:34.792+0000] {sql.py:276} INFO - Executing: CREATE TABLE IF NOT EXISTS public."time" (
	start_time timestamp NOT NULL,
	"hour" int4,
	"day" int4,
	week int4,
	"month" varchar(256),
	"year" int4,
	weekday varchar(256),
	CONSTRAINT time_pkey PRIMARY KEY (start_time)
);
[2023-12-26T11:37:34.828+0000] {base.py:83} INFO - Using connection ID 'redshift' for task execution.
[2023-12-26T11:37:34.968+0000] {base.py:83} INFO - Using connection ID 'redshift' for task execution.
[2023-12-26T11:37:36.434+0000] {sql.py:432} INFO - Running statement: CREATE TABLE IF NOT EXISTS public."time" (
	start_time timestamp NOT NULL,
	"hour" int4,
	"day" int4,
	week int4,
	"month" varchar(256),
	"year" int4,
	weekday varchar(256),
	CONSTRAINT time_pkey PRIMARY KEY (start_time)
);, parameters: None
[2023-12-26T11:37:37.163+0000] {taskinstance.py:1138} INFO - Marking task as SUCCESS. dag_id=final_project_dag, task_id=create_time_table, execution_date=20231226T113730, start_date=20231226T113734, end_date=20231226T113737
[2023-12-26T11:37:37.252+0000] {local_task_job_runner.py:234} INFO - Task exited with return code 0
[2023-12-26T11:37:37.310+0000] {taskinstance.py:3281} INFO - 0 downstream tasks scheduled from follow-on schedule check
