[2023-12-26T11:41:10.564+0000] {taskinstance.py:1957} INFO - Dependencies all met for dep_context=non-requeueable deps ti=<TaskInstance: final_project_dag.Stage_events manual__2023-12-26T11:31:00.224027+00:00 [queued]>
[2023-12-26T11:41:10.577+0000] {taskinstance.py:1957} INFO - Dependencies all met for dep_context=requeueable deps ti=<TaskInstance: final_project_dag.Stage_events manual__2023-12-26T11:31:00.224027+00:00 [queued]>
[2023-12-26T11:41:10.578+0000] {taskinstance.py:2171} INFO - Starting attempt 3 of 4
[2023-12-26T11:41:10.597+0000] {taskinstance.py:2192} INFO - Executing <Task(StageToRedshiftOperator): Stage_events> on 2023-12-26 11:31:00.224027+00:00
[2023-12-26T11:41:10.609+0000] {standard_task_runner.py:60} INFO - Started process 17365 to run task
[2023-12-26T11:41:10.614+0000] {standard_task_runner.py:87} INFO - Running: ['***', 'tasks', 'run', 'final_project_dag', 'Stage_events', 'manual__2023-12-26T11:31:00.224027+00:00', '--job-id', '95', '--raw', '--subdir', 'DAGS_FOLDER/final_project/final_project.py', '--cfg-path', '/tmp/tmpygiegxrv']
[2023-12-26T11:41:10.616+0000] {standard_task_runner.py:88} INFO - Job 95: Subtask Stage_events
[2023-12-26T11:41:10.693+0000] {task_command.py:423} INFO - Running <TaskInstance: final_project_dag.Stage_events manual__2023-12-26T11:31:00.224027+00:00 [running]> on host d3aa51350085
[2023-12-26T11:41:10.803+0000] {taskinstance.py:2481} INFO - Exporting env vars: AIRFLOW_CTX_DAG_OWNER='Sparkify' AIRFLOW_CTX_DAG_ID='final_project_dag' AIRFLOW_CTX_TASK_ID='Stage_events' AIRFLOW_CTX_EXECUTION_DATE='2023-12-26T11:31:00.224027+00:00' AIRFLOW_CTX_TRY_NUMBER='3' AIRFLOW_CTX_DAG_RUN_ID='manual__2023-12-26T11:31:00.224027+00:00'
[2023-12-26T11:41:10.808+0000] {stage_redshift.py:44} INFO - StageToRedshiftOperator not implemented yet
[2023-12-26T11:41:10.823+0000] {base.py:83} INFO - Using connection ID 'aws_credentials' for task execution.
[2023-12-26T11:41:10.824+0000] {connection_wrapper.py:378} INFO - AWS Connection (conn_id='aws_credentials', conn_type='aws') credentials retrieved from login and password.
[2023-12-26T11:41:10.845+0000] {stage_redshift.py:48} INFO - Clearing data from destination Redshift table
[2023-12-26T11:41:10.855+0000] {base.py:83} INFO - Using connection ID 'redshift' for task execution.
[2023-12-26T11:41:10.907+0000] {sql.py:432} INFO - Running statement: DELETE FROM staging_events, parameters: None
[2023-12-26T12:19:58.173+0000] {sql.py:441} INFO - Rows affected: 0
[2023-12-26T12:19:58.826+0000] {stage_redshift.py:51} INFO - Copying data from S3 to Redshift
[2023-12-26T12:19:58.827+0000] {warnings.py:109} WARNING - /home/***/.local/lib/python3.8/site-packages/***/utils/context.py:207: AirflowContextDeprecationWarning: Accessing 'execution_date' from the template is deprecated and will be removed in a future version. Please use 'data_interval_start' or 'logical_date' instead.
  warnings.warn(_create_deprecation_warning(key, self._deprecation_replacements[key]))

[2023-12-26T12:19:58.828+0000] {warnings.py:109} WARNING - /home/***/.local/lib/python3.8/site-packages/***/utils/context.py:207: AirflowContextDeprecationWarning: Accessing 'next_ds' from the template is deprecated and will be removed in a future version. Please use '{{ data_interval_end | ds }}' instead.
  warnings.warn(_create_deprecation_warning(key, self._deprecation_replacements[key]))

[2023-12-26T12:19:58.828+0000] {warnings.py:109} WARNING - /home/***/.local/lib/python3.8/site-packages/***/utils/context.py:207: AirflowContextDeprecationWarning: Accessing 'next_ds_nodash' from the template is deprecated and will be removed in a future version. Please use '{{ data_interval_end | ds_nodash }}' instead.
  warnings.warn(_create_deprecation_warning(key, self._deprecation_replacements[key]))

[2023-12-26T12:19:58.828+0000] {warnings.py:109} WARNING - /home/***/.local/lib/python3.8/site-packages/***/utils/context.py:207: AirflowContextDeprecationWarning: Accessing 'next_execution_date' from the template is deprecated and will be removed in a future version. Please use 'data_interval_end' instead.
  warnings.warn(_create_deprecation_warning(key, self._deprecation_replacements[key]))

[2023-12-26T12:19:58.828+0000] {warnings.py:109} WARNING - /home/***/.local/lib/python3.8/site-packages/***/utils/context.py:207: AirflowContextDeprecationWarning: Accessing 'prev_ds' from the template is deprecated and will be removed in a future version.
  warnings.warn(_create_deprecation_warning(key, self._deprecation_replacements[key]))

[2023-12-26T12:19:58.828+0000] {warnings.py:109} WARNING - /home/***/.local/lib/python3.8/site-packages/***/utils/context.py:207: AirflowContextDeprecationWarning: Accessing 'prev_ds_nodash' from the template is deprecated and will be removed in a future version.
  warnings.warn(_create_deprecation_warning(key, self._deprecation_replacements[key]))

[2023-12-26T12:19:58.829+0000] {warnings.py:109} WARNING - /home/***/.local/lib/python3.8/site-packages/***/utils/context.py:207: AirflowContextDeprecationWarning: Accessing 'prev_execution_date' from the template is deprecated and will be removed in a future version.
  warnings.warn(_create_deprecation_warning(key, self._deprecation_replacements[key]))

[2023-12-26T12:19:58.829+0000] {warnings.py:109} WARNING - /home/***/.local/lib/python3.8/site-packages/***/utils/context.py:207: AirflowContextDeprecationWarning: Accessing 'prev_execution_date_success' from the template is deprecated and will be removed in a future version. Please use 'prev_data_interval_start_success' instead.
  warnings.warn(_create_deprecation_warning(key, self._deprecation_replacements[key]))

[2023-12-26T12:19:58.829+0000] {warnings.py:109} WARNING - /home/***/.local/lib/python3.8/site-packages/***/utils/context.py:207: AirflowContextDeprecationWarning: Accessing 'tomorrow_ds' from the template is deprecated and will be removed in a future version.
  warnings.warn(_create_deprecation_warning(key, self._deprecation_replacements[key]))

[2023-12-26T12:19:58.829+0000] {warnings.py:109} WARNING - /home/***/.local/lib/python3.8/site-packages/***/utils/context.py:207: AirflowContextDeprecationWarning: Accessing 'tomorrow_ds_nodash' from the template is deprecated and will be removed in a future version.
  warnings.warn(_create_deprecation_warning(key, self._deprecation_replacements[key]))

[2023-12-26T12:19:58.829+0000] {warnings.py:109} WARNING - /home/***/.local/lib/python3.8/site-packages/***/utils/context.py:207: AirflowContextDeprecationWarning: Accessing 'yesterday_ds' from the template is deprecated and will be removed in a future version.
  warnings.warn(_create_deprecation_warning(key, self._deprecation_replacements[key]))

[2023-12-26T12:19:58.829+0000] {warnings.py:109} WARNING - /home/***/.local/lib/python3.8/site-packages/***/utils/context.py:207: AirflowContextDeprecationWarning: Accessing 'yesterday_ds_nodash' from the template is deprecated and will be removed in a future version.
  warnings.warn(_create_deprecation_warning(key, self._deprecation_replacements[key]))

[2023-12-26T12:19:58.837+0000] {base.py:83} INFO - Using connection ID 'redshift' for task execution.
[2023-12-26T12:19:59.350+0000] {sql.py:432} INFO - Running statement: 
        COPY staging_events
        FROM 's3://gitongabretton/log-data/'
        ACCESS_KEY_ID 'AKIATZS7MBBSL3CADLWH'
        SECRET_ACCESS_KEY '***'
        REGION 'us-east-1'
        JSON 's3://gitongabretton/log-json-path.json'
    , parameters: None
