[2023-12-26T11:37:33.624+0000] {taskinstance.py:1957} INFO - Dependencies all met for dep_context=non-requeueable deps ti=<TaskInstance: final_project_dag.create_artists_table manual__2023-12-26T11:37:30.671805+00:00 [queued]>
[2023-12-26T11:37:33.690+0000] {taskinstance.py:1957} INFO - Dependencies all met for dep_context=requeueable deps ti=<TaskInstance: final_project_dag.create_artists_table manual__2023-12-26T11:37:30.671805+00:00 [queued]>
[2023-12-26T11:37:33.691+0000] {taskinstance.py:2171} INFO - Starting attempt 1 of 4
[2023-12-26T11:37:33.741+0000] {taskinstance.py:2192} INFO - Executing <Task(PostgresOperator): create_artists_table> on 2023-12-26 11:37:30.671805+00:00
[2023-12-26T11:37:33.756+0000] {standard_task_runner.py:60} INFO - Started process 17296 to run task
[2023-12-26T11:37:33.795+0000] {standard_task_runner.py:87} INFO - Running: ['***', 'tasks', 'run', 'final_project_dag', 'create_artists_table', 'manual__2023-12-26T11:37:30.671805+00:00', '--job-id', '87', '--raw', '--subdir', 'DAGS_FOLDER/final_project/final_project.py', '--cfg-path', '/tmp/tmpbhlktr73']
[2023-12-26T11:37:33.799+0000] {standard_task_runner.py:88} INFO - Job 87: Subtask create_artists_table
[2023-12-26T11:37:34.096+0000] {task_command.py:423} INFO - Running <TaskInstance: final_project_dag.create_artists_table manual__2023-12-26T11:37:30.671805+00:00 [running]> on host d3aa51350085
[2023-12-26T11:37:34.352+0000] {taskinstance.py:2481} INFO - Exporting env vars: AIRFLOW_CTX_DAG_OWNER='Sparkify' AIRFLOW_CTX_DAG_ID='final_project_dag' AIRFLOW_CTX_TASK_ID='create_artists_table' AIRFLOW_CTX_EXECUTION_DATE='2023-12-26T11:37:30.671805+00:00' AIRFLOW_CTX_TRY_NUMBER='1' AIRFLOW_CTX_DAG_RUN_ID='manual__2023-12-26T11:37:30.671805+00:00'
[2023-12-26T11:37:34.357+0000] {sql.py:276} INFO - Executing: CREATE TABLE IF NOT EXISTS public.artists (
	artistid varchar(256) NOT NULL,
	name varchar(256),
	location varchar(256),
	lattitude numeric(18,0),
	longitude numeric(18,0)
);
[2023-12-26T11:37:34.374+0000] {base.py:83} INFO - Using connection ID 'redshift' for task execution.
[2023-12-26T11:37:34.593+0000] {base.py:83} INFO - Using connection ID 'redshift' for task execution.
[2023-12-26T11:37:35.967+0000] {sql.py:432} INFO - Running statement: CREATE TABLE IF NOT EXISTS public.artists (
	artistid varchar(256) NOT NULL,
	name varchar(256),
	location varchar(256),
	lattitude numeric(18,0),
	longitude numeric(18,0)
);, parameters: None
[2023-12-26T11:37:37.164+0000] {taskinstance.py:1138} INFO - Marking task as SUCCESS. dag_id=final_project_dag, task_id=create_artists_table, execution_date=20231226T113730, start_date=20231226T113733, end_date=20231226T113737
[2023-12-26T11:37:37.279+0000] {local_task_job_runner.py:234} INFO - Task exited with return code 0
[2023-12-26T11:37:37.344+0000] {taskinstance.py:3281} INFO - 0 downstream tasks scheduled from follow-on schedule check
