[2023-12-26T11:36:05.952+0000] {taskinstance.py:1957} INFO - Dependencies all met for dep_context=non-requeueable deps ti=<TaskInstance: final_project_dag.create_songplays_table manual__2023-12-26T11:31:00.224027+00:00 [queued]>
[2023-12-26T11:36:05.966+0000] {taskinstance.py:1957} INFO - Dependencies all met for dep_context=requeueable deps ti=<TaskInstance: final_project_dag.create_songplays_table manual__2023-12-26T11:31:00.224027+00:00 [queued]>
[2023-12-26T11:36:05.967+0000] {taskinstance.py:2171} INFO - Starting attempt 2 of 4
[2023-12-26T11:36:05.991+0000] {taskinstance.py:2192} INFO - Executing <Task(PostgresOperator): create_songplays_table> on 2023-12-26 11:31:00.224027+00:00
[2023-12-26T11:36:05.998+0000] {standard_task_runner.py:60} INFO - Started process 17252 to run task
[2023-12-26T11:36:06.006+0000] {standard_task_runner.py:87} INFO - Running: ['***', 'tasks', 'run', 'final_project_dag', 'create_songplays_table', 'manual__2023-12-26T11:31:00.224027+00:00', '--job-id', '75', '--raw', '--subdir', 'DAGS_FOLDER/final_project/final_project.py', '--cfg-path', '/tmp/tmppmylux4e']
[2023-12-26T11:36:06.008+0000] {standard_task_runner.py:88} INFO - Job 75: Subtask create_songplays_table
[2023-12-26T11:36:06.077+0000] {task_command.py:423} INFO - Running <TaskInstance: final_project_dag.create_songplays_table manual__2023-12-26T11:31:00.224027+00:00 [running]> on host d3aa51350085
[2023-12-26T11:36:06.175+0000] {taskinstance.py:2481} INFO - Exporting env vars: AIRFLOW_CTX_DAG_OWNER='Sparkify' AIRFLOW_CTX_DAG_ID='final_project_dag' AIRFLOW_CTX_TASK_ID='create_songplays_table' AIRFLOW_CTX_EXECUTION_DATE='2023-12-26T11:31:00.224027+00:00' AIRFLOW_CTX_TRY_NUMBER='2' AIRFLOW_CTX_DAG_RUN_ID='manual__2023-12-26T11:31:00.224027+00:00'
[2023-12-26T11:36:06.177+0000] {sql.py:276} INFO - Executing: CREATE TABLE IF NOT EXISTS public.songplays (
	playid varchar(32) NOT NULL,
	start_time timestamp NOT NULL,
	userid int4 NOT NULL,
	"level" varchar(256),
	songid varchar(256),
	artistid varchar(256),
	sessionid int4,
	location varchar(256),
	user_agent varchar(256),
	CONSTRAINT songplays_pkey PRIMARY KEY (playid)
);
[2023-12-26T11:36:06.193+0000] {base.py:83} INFO - Using connection ID 'redshift' for task execution.
[2023-12-26T11:36:06.261+0000] {base.py:83} INFO - Using connection ID 'redshift' for task execution.
[2023-12-26T11:36:06.825+0000] {sql.py:432} INFO - Running statement: CREATE TABLE IF NOT EXISTS public.songplays (
	playid varchar(32) NOT NULL,
	start_time timestamp NOT NULL,
	userid int4 NOT NULL,
	"level" varchar(256),
	songid varchar(256),
	artistid varchar(256),
	sessionid int4,
	location varchar(256),
	user_agent varchar(256),
	CONSTRAINT songplays_pkey PRIMARY KEY (playid)
);, parameters: None
[2023-12-26T11:36:08.081+0000] {taskinstance.py:1138} INFO - Marking task as SUCCESS. dag_id=final_project_dag, task_id=create_songplays_table, execution_date=20231226T113100, start_date=20231226T113605, end_date=20231226T113608
[2023-12-26T11:36:08.180+0000] {local_task_job_runner.py:234} INFO - Task exited with return code 0
[2023-12-26T11:36:08.242+0000] {taskinstance.py:3281} INFO - 0 downstream tasks scheduled from follow-on schedule check
