[2023-12-26T12:20:09.407+0000] {taskinstance.py:1957} INFO - Dependencies all met for dep_context=non-requeueable deps ti=<TaskInstance: custom_operators_legacy.create_stations_table scheduled__2018-06-01T00:00:00+00:00 [queued]>
[2023-12-26T12:20:09.425+0000] {taskinstance.py:1957} INFO - Dependencies all met for dep_context=requeueable deps ti=<TaskInstance: custom_operators_legacy.create_stations_table scheduled__2018-06-01T00:00:00+00:00 [queued]>
[2023-12-26T12:20:09.425+0000] {taskinstance.py:2171} INFO - Starting attempt 1 of 1
[2023-12-26T12:20:09.446+0000] {taskinstance.py:2192} INFO - Executing <Task(PostgresOperator): create_stations_table> on 2018-06-01 00:00:00+00:00
[2023-12-26T12:20:09.454+0000] {standard_task_runner.py:60} INFO - Started process 17936 to run task
[2023-12-26T12:20:09.459+0000] {standard_task_runner.py:87} INFO - Running: ['***', 'tasks', 'run', 'custom_operators_legacy', 'create_stations_table', 'scheduled__2018-06-01T00:00:00+00:00', '--job-id', '97', '--raw', '--subdir', 'DAGS_FOLDER/production/production.py', '--cfg-path', '/tmp/tmpby_n7s5m']
[2023-12-26T12:20:09.460+0000] {standard_task_runner.py:88} INFO - Job 97: Subtask create_stations_table
[2023-12-26T12:20:09.516+0000] {task_command.py:423} INFO - Running <TaskInstance: custom_operators_legacy.create_stations_table scheduled__2018-06-01T00:00:00+00:00 [running]> on host d3aa51350085
[2023-12-26T12:20:09.603+0000] {taskinstance.py:2481} INFO - Exporting env vars: AIRFLOW_CTX_DAG_OWNER='***' AIRFLOW_CTX_DAG_ID='custom_operators_legacy' AIRFLOW_CTX_TASK_ID='create_stations_table' AIRFLOW_CTX_EXECUTION_DATE='2018-06-01T00:00:00+00:00' AIRFLOW_CTX_TRY_NUMBER='1' AIRFLOW_CTX_DAG_RUN_ID='scheduled__2018-06-01T00:00:00+00:00'
[2023-12-26T12:20:09.604+0000] {sql.py:276} INFO - Executing: 
CREATE TABLE IF NOT EXISTS stations (
id INTEGER NOT NULL,
name VARCHAR(250) NOT NULL,
city VARCHAR(100) NOT NULL,
latitude DECIMAL(9, 6) NOT NULL,
longitude DECIMAL(9, 6) NOT NULL,
dpcapacity INTEGER NOT NULL,
online_date TIMESTAMP NOT NULL,
PRIMARY KEY(id))
DISTSTYLE ALL;
[2023-12-26T12:20:09.615+0000] {base.py:83} INFO - Using connection ID 'redshift' for task execution.
[2023-12-26T12:20:09.678+0000] {base.py:83} INFO - Using connection ID 'redshift' for task execution.
[2023-12-26T12:20:10.607+0000] {sql.py:432} INFO - Running statement: 
CREATE TABLE IF NOT EXISTS stations (
id INTEGER NOT NULL,
name VARCHAR(250) NOT NULL,
city VARCHAR(100) NOT NULL,
latitude DECIMAL(9, 6) NOT NULL,
longitude DECIMAL(9, 6) NOT NULL,
dpcapacity INTEGER NOT NULL,
online_date TIMESTAMP NOT NULL,
PRIMARY KEY(id))
DISTSTYLE ALL;, parameters: None
[2023-12-26T12:20:11.370+0000] {taskinstance.py:1138} INFO - Marking task as SUCCESS. dag_id=custom_operators_legacy, task_id=create_stations_table, execution_date=20180601T000000, start_date=20231226T122009, end_date=20231226T122011
[2023-12-26T12:20:11.436+0000] {local_task_job_runner.py:234} INFO - Task exited with return code 0
[2023-12-26T12:20:11.471+0000] {taskinstance.py:3281} INFO - 1 downstream tasks scheduled from follow-on schedule check
