[2023-12-26T11:36:08.495+0000] {taskinstance.py:1957} INFO - Dependencies all met for dep_context=non-requeueable deps ti=<TaskInstance: final_project_dag.create_staging_events_table manual__2023-12-26T11:31:00.224027+00:00 [queued]>
[2023-12-26T11:36:08.543+0000] {taskinstance.py:1957} INFO - Dependencies all met for dep_context=requeueable deps ti=<TaskInstance: final_project_dag.create_staging_events_table manual__2023-12-26T11:31:00.224027+00:00 [queued]>
[2023-12-26T11:36:08.544+0000] {taskinstance.py:2171} INFO - Starting attempt 2 of 4
[2023-12-26T11:36:08.598+0000] {taskinstance.py:2192} INFO - Executing <Task(PostgresOperator): create_staging_events_table> on 2023-12-26 11:31:00.224027+00:00
[2023-12-26T11:36:08.607+0000] {standard_task_runner.py:60} INFO - Started process 17263 to run task
[2023-12-26T11:36:08.623+0000] {standard_task_runner.py:87} INFO - Running: ['***', 'tasks', 'run', 'final_project_dag', 'create_staging_events_table', 'manual__2023-12-26T11:31:00.224027+00:00', '--job-id', '79', '--raw', '--subdir', 'DAGS_FOLDER/final_project/final_project.py', '--cfg-path', '/tmp/tmpxh8k7jgk']
[2023-12-26T11:36:08.625+0000] {standard_task_runner.py:88} INFO - Job 79: Subtask create_staging_events_table
[2023-12-26T11:36:08.748+0000] {task_command.py:423} INFO - Running <TaskInstance: final_project_dag.create_staging_events_table manual__2023-12-26T11:31:00.224027+00:00 [running]> on host d3aa51350085
[2023-12-26T11:36:08.956+0000] {taskinstance.py:2481} INFO - Exporting env vars: AIRFLOW_CTX_DAG_OWNER='Sparkify' AIRFLOW_CTX_DAG_ID='final_project_dag' AIRFLOW_CTX_TASK_ID='create_staging_events_table' AIRFLOW_CTX_EXECUTION_DATE='2023-12-26T11:31:00.224027+00:00' AIRFLOW_CTX_TRY_NUMBER='2' AIRFLOW_CTX_DAG_RUN_ID='manual__2023-12-26T11:31:00.224027+00:00'
[2023-12-26T11:36:08.957+0000] {sql.py:276} INFO - Executing: CREATE TABLE IF NOT EXISTS public.staging_events (
	artist varchar(256),
	auth varchar(256),
	firstname varchar(256),
	gender varchar(256),
	iteminsession int4,
	lastname varchar(256),
	length numeric(18,0),
	"level" varchar(256),
	location varchar(256),
	"method" varchar(256),
	page varchar(256),
	registration numeric(18,0),
	sessionid int4,
	song varchar(256),
	status int4,
	ts int8,
	useragent varchar(256),
	userid int4
);
[2023-12-26T11:36:08.995+0000] {base.py:83} INFO - Using connection ID 'redshift' for task execution.
[2023-12-26T11:36:09.093+0000] {base.py:83} INFO - Using connection ID 'redshift' for task execution.
[2023-12-26T11:36:09.821+0000] {sql.py:432} INFO - Running statement: CREATE TABLE IF NOT EXISTS public.staging_events (
	artist varchar(256),
	auth varchar(256),
	firstname varchar(256),
	gender varchar(256),
	iteminsession int4,
	lastname varchar(256),
	length numeric(18,0),
	"level" varchar(256),
	location varchar(256),
	"method" varchar(256),
	page varchar(256),
	registration numeric(18,0),
	sessionid int4,
	song varchar(256),
	status int4,
	ts int8,
	useragent varchar(256),
	userid int4
);, parameters: None
[2023-12-26T11:36:11.002+0000] {taskinstance.py:1138} INFO - Marking task as SUCCESS. dag_id=final_project_dag, task_id=create_staging_events_table, execution_date=20231226T113100, start_date=20231226T113608, end_date=20231226T113611
[2023-12-26T11:36:11.074+0000] {local_task_job_runner.py:234} INFO - Task exited with return code 0
[2023-12-26T11:36:11.099+0000] {taskinstance.py:3281} INFO - 0 downstream tasks scheduled from follow-on schedule check
