[2023-12-26T07:22:25.834+0000] {taskinstance.py:1957} INFO - Dependencies all met for dep_context=non-requeueable deps ti=<TaskInstance: custom_operators_legacy.create_trips_table scheduled__2018-01-01T00:00:00+00:00 [queued]>
[2023-12-26T07:22:25.847+0000] {taskinstance.py:1957} INFO - Dependencies all met for dep_context=requeueable deps ti=<TaskInstance: custom_operators_legacy.create_trips_table scheduled__2018-01-01T00:00:00+00:00 [queued]>
[2023-12-26T07:22:25.847+0000] {taskinstance.py:2171} INFO - Starting attempt 1 of 1
[2023-12-26T07:22:25.864+0000] {taskinstance.py:2192} INFO - Executing <Task(PostgresOperator): create_trips_table> on 2018-01-01 00:00:00+00:00
[2023-12-26T07:22:25.872+0000] {standard_task_runner.py:60} INFO - Started process 13428 to run task
[2023-12-26T07:22:25.876+0000] {standard_task_runner.py:87} INFO - Running: ['***', 'tasks', 'run', 'custom_operators_legacy', 'create_trips_table', 'scheduled__2018-01-01T00:00:00+00:00', '--job-id', '21', '--raw', '--subdir', 'DAGS_FOLDER/production/production.py', '--cfg-path', '/tmp/tmpak2j8ps9']
[2023-12-26T07:22:25.877+0000] {standard_task_runner.py:88} INFO - Job 21: Subtask create_trips_table
[2023-12-26T07:22:25.934+0000] {task_command.py:423} INFO - Running <TaskInstance: custom_operators_legacy.create_trips_table scheduled__2018-01-01T00:00:00+00:00 [running]> on host d3aa51350085
[2023-12-26T07:22:26.022+0000] {taskinstance.py:2481} INFO - Exporting env vars: AIRFLOW_CTX_DAG_OWNER='***' AIRFLOW_CTX_DAG_ID='custom_operators_legacy' AIRFLOW_CTX_TASK_ID='create_trips_table' AIRFLOW_CTX_EXECUTION_DATE='2018-01-01T00:00:00+00:00' AIRFLOW_CTX_TRY_NUMBER='1' AIRFLOW_CTX_DAG_RUN_ID='scheduled__2018-01-01T00:00:00+00:00'
[2023-12-26T07:22:26.023+0000] {sql.py:276} INFO - Executing: 
CREATE TABLE IF NOT EXISTS trips (
trip_id INTEGER NOT NULL,
start_time TIMESTAMP NOT NULL,
end_time TIMESTAMP NOT NULL,
bikeid INTEGER NOT NULL,
tripduration DECIMAL(16,2) NOT NULL,
from_station_id INTEGER NOT NULL,
from_station_name VARCHAR(100) NOT NULL,
to_station_id INTEGER NOT NULL,
to_station_name VARCHAR(100) NOT NULL,
usertype VARCHAR(20),
gender VARCHAR(6),
birthyear INTEGER,
PRIMARY KEY(trip_id))
DISTSTYLE ALL;
[2023-12-26T07:22:26.033+0000] {base.py:83} INFO - Using connection ID 'redshift' for task execution.
[2023-12-26T07:22:26.084+0000] {base.py:83} INFO - Using connection ID 'redshift' for task execution.
[2023-12-26T07:22:26.964+0000] {sql.py:432} INFO - Running statement: 
CREATE TABLE IF NOT EXISTS trips (
trip_id INTEGER NOT NULL,
start_time TIMESTAMP NOT NULL,
end_time TIMESTAMP NOT NULL,
bikeid INTEGER NOT NULL,
tripduration DECIMAL(16,2) NOT NULL,
from_station_id INTEGER NOT NULL,
from_station_name VARCHAR(100) NOT NULL,
to_station_id INTEGER NOT NULL,
to_station_name VARCHAR(100) NOT NULL,
usertype VARCHAR(20),
gender VARCHAR(6),
birthyear INTEGER,
PRIMARY KEY(trip_id))
DISTSTYLE ALL;, parameters: None
[2023-12-26T07:22:48.766+0000] {taskinstance.py:1138} INFO - Marking task as SUCCESS. dag_id=custom_operators_legacy, task_id=create_trips_table, execution_date=20180101T000000, start_date=20231226T072225, end_date=20231226T072248
[2023-12-26T07:22:48.807+0000] {local_task_job_runner.py:234} INFO - Task exited with return code 0
[2023-12-26T07:22:48.856+0000] {taskinstance.py:3281} INFO - 1 downstream tasks scheduled from follow-on schedule check
