[2023-12-26T11:37:33.536+0000] {taskinstance.py:1957} INFO - Dependencies all met for dep_context=non-requeueable deps ti=<TaskInstance: final_project_dag.create_users_table manual__2023-12-26T11:37:30.671805+00:00 [queued]>
[2023-12-26T11:37:33.556+0000] {taskinstance.py:1957} INFO - Dependencies all met for dep_context=requeueable deps ti=<TaskInstance: final_project_dag.create_users_table manual__2023-12-26T11:37:30.671805+00:00 [queued]>
[2023-12-26T11:37:33.557+0000] {taskinstance.py:2171} INFO - Starting attempt 1 of 4
[2023-12-26T11:37:33.630+0000] {taskinstance.py:2192} INFO - Executing <Task(PostgresOperator): create_users_table> on 2023-12-26 11:37:30.671805+00:00
[2023-12-26T11:37:33.656+0000] {standard_task_runner.py:60} INFO - Started process 17295 to run task
[2023-12-26T11:37:33.674+0000] {standard_task_runner.py:87} INFO - Running: ['***', 'tasks', 'run', 'final_project_dag', 'create_users_table', 'manual__2023-12-26T11:37:30.671805+00:00', '--job-id', '85', '--raw', '--subdir', 'DAGS_FOLDER/final_project/final_project.py', '--cfg-path', '/tmp/tmpmxcm1x9i']
[2023-12-26T11:37:33.698+0000] {standard_task_runner.py:88} INFO - Job 85: Subtask create_users_table
[2023-12-26T11:37:33.871+0000] {task_command.py:423} INFO - Running <TaskInstance: final_project_dag.create_users_table manual__2023-12-26T11:37:30.671805+00:00 [running]> on host d3aa51350085
[2023-12-26T11:37:34.191+0000] {taskinstance.py:2481} INFO - Exporting env vars: AIRFLOW_CTX_DAG_OWNER='Sparkify' AIRFLOW_CTX_DAG_ID='final_project_dag' AIRFLOW_CTX_TASK_ID='create_users_table' AIRFLOW_CTX_EXECUTION_DATE='2023-12-26T11:37:30.671805+00:00' AIRFLOW_CTX_TRY_NUMBER='1' AIRFLOW_CTX_DAG_RUN_ID='manual__2023-12-26T11:37:30.671805+00:00'
[2023-12-26T11:37:34.192+0000] {sql.py:276} INFO - Executing: CREATE TABLE IF NOT EXISTS public.users (
	userid int4 NOT NULL,
	first_name varchar(256),
	last_name varchar(256),
	gender varchar(256),
	"level" varchar(256),
	CONSTRAINT users_pkey PRIMARY KEY (userid)
);
[2023-12-26T11:37:34.252+0000] {base.py:83} INFO - Using connection ID 'redshift' for task execution.
[2023-12-26T11:37:34.398+0000] {base.py:83} INFO - Using connection ID 'redshift' for task execution.
[2023-12-26T11:37:36.223+0000] {sql.py:432} INFO - Running statement: CREATE TABLE IF NOT EXISTS public.users (
	userid int4 NOT NULL,
	first_name varchar(256),
	last_name varchar(256),
	gender varchar(256),
	"level" varchar(256),
	CONSTRAINT users_pkey PRIMARY KEY (userid)
);, parameters: None
[2023-12-26T11:37:37.170+0000] {taskinstance.py:1138} INFO - Marking task as SUCCESS. dag_id=final_project_dag, task_id=create_users_table, execution_date=20231226T113730, start_date=20231226T113733, end_date=20231226T113737
[2023-12-26T11:37:37.252+0000] {local_task_job_runner.py:234} INFO - Task exited with return code 0
[2023-12-26T11:37:37.297+0000] {taskinstance.py:3281} INFO - 0 downstream tasks scheduled from follow-on schedule check
