[2023-12-26T11:41:10.364+0000] {taskinstance.py:1957} INFO - Dependencies all met for dep_context=non-requeueable deps ti=<TaskInstance: final_project_dag.create_users_table manual__2023-12-26T11:31:00.224027+00:00 [queued]>
[2023-12-26T11:41:10.377+0000] {taskinstance.py:1957} INFO - Dependencies all met for dep_context=requeueable deps ti=<TaskInstance: final_project_dag.create_users_table manual__2023-12-26T11:31:00.224027+00:00 [queued]>
[2023-12-26T11:41:10.377+0000] {taskinstance.py:2171} INFO - Starting attempt 3 of 4
[2023-12-26T11:41:10.397+0000] {taskinstance.py:2192} INFO - Executing <Task(PostgresOperator): create_users_table> on 2023-12-26 11:31:00.224027+00:00
[2023-12-26T11:41:10.409+0000] {standard_task_runner.py:60} INFO - Started process 17362 to run task
[2023-12-26T11:41:10.415+0000] {standard_task_runner.py:87} INFO - Running: ['***', 'tasks', 'run', 'final_project_dag', 'create_users_table', 'manual__2023-12-26T11:31:00.224027+00:00', '--job-id', '92', '--raw', '--subdir', 'DAGS_FOLDER/final_project/final_project.py', '--cfg-path', '/tmp/tmpnjs2ga0i']
[2023-12-26T11:41:10.416+0000] {standard_task_runner.py:88} INFO - Job 92: Subtask create_users_table
[2023-12-26T11:41:10.494+0000] {task_command.py:423} INFO - Running <TaskInstance: final_project_dag.create_users_table manual__2023-12-26T11:31:00.224027+00:00 [running]> on host d3aa51350085
[2023-12-26T11:41:10.617+0000] {taskinstance.py:2481} INFO - Exporting env vars: AIRFLOW_CTX_DAG_OWNER='Sparkify' AIRFLOW_CTX_DAG_ID='final_project_dag' AIRFLOW_CTX_TASK_ID='create_users_table' AIRFLOW_CTX_EXECUTION_DATE='2023-12-26T11:31:00.224027+00:00' AIRFLOW_CTX_TRY_NUMBER='3' AIRFLOW_CTX_DAG_RUN_ID='manual__2023-12-26T11:31:00.224027+00:00'
[2023-12-26T11:41:10.619+0000] {sql.py:276} INFO - Executing: CREATE TABLE IF NOT EXISTS public.users (
	userid int4 NOT NULL,
	first_name varchar(256),
	last_name varchar(256),
	gender varchar(256),
	"level" varchar(256),
	CONSTRAINT users_pkey PRIMARY KEY (userid)
);
[2023-12-26T11:41:10.633+0000] {base.py:83} INFO - Using connection ID 'redshift' for task execution.
[2023-12-26T11:41:10.703+0000] {base.py:83} INFO - Using connection ID 'redshift' for task execution.
[2023-12-26T11:41:11.146+0000] {sql.py:432} INFO - Running statement: CREATE TABLE IF NOT EXISTS public.users (
	userid int4 NOT NULL,
	first_name varchar(256),
	last_name varchar(256),
	gender varchar(256),
	"level" varchar(256),
	CONSTRAINT users_pkey PRIMARY KEY (userid)
);, parameters: None
[2023-12-26T11:41:12.201+0000] {taskinstance.py:1138} INFO - Marking task as SUCCESS. dag_id=final_project_dag, task_id=create_users_table, execution_date=20231226T113100, start_date=20231226T114110, end_date=20231226T114112
[2023-12-26T11:41:12.238+0000] {local_task_job_runner.py:234} INFO - Task exited with return code 0
[2023-12-26T11:41:12.269+0000] {taskinstance.py:3281} INFO - 0 downstream tasks scheduled from follow-on schedule check
